<?xml version="1.0" encoding="UTF-8"?>
<testng-results ignored="0" total="2" passed="2" failed="0" skipped="0">
  <reporter-output>
  </reporter-output>
  <suite started-at="2023-01-31T13:41:36 IST" name="Default suite" finished-at="2023-01-31T13:42:08 IST" duration-ms="31784">
    <groups>
      <group name="cucumber">
        <method signature="AbstractTestNGCucumberTests.runScenario(io.cucumber.testng.PickleWrapper,io.cucumber.testng.FeatureWrapper)[pri:0, instance:testRunner.Run@a4add54]" name="runScenario" class="io.cucumber.testng.AbstractTestNGCucumberTests"/>
      </group> <!-- cucumber -->
    </groups>
    <test started-at="2023-01-31T13:41:36 IST" name="Default test" finished-at="2023-01-31T13:42:08 IST" duration-ms="31784">
      <class name="testRunner.Run">
        <test-method is-config="true" signature="setUpClass(org.testng.ITestContext)[pri:0, instance:testRunner.Run@a4add54]" started-at="2023-01-31T13:41:37 IST" name="setUpClass" finished-at="2023-01-31T13:41:38 IST" duration-ms="1946" status="PASS">
          <params>
            <param index="0">
              <value>
                <![CDATA[org.testng.TestRunner@1191029d]]>
              </value>
            </param>
          </params>
          <reporter-output>
          </reporter-output>
        </test-method> <!-- setUpClass -->
        <test-method signature="runScenario(io.cucumber.testng.PickleWrapper,io.cucumber.testng.FeatureWrapper)[pri:0, instance:testRunner.Run@a4add54]" started-at="2023-01-31T13:41:39 IST" name="runScenario" description="Runs Cucumber Scenarios" data-provider="scenarios" finished-at="2023-01-31T13:41:53 IST" duration-ms="14716" status="PASS">
          <params>
            <param index="0">
              <value>
                <![CDATA["Validate Login with valid credentials"]]>
              </value>
            </param>
            <param index="1">
              <value>
                <![CDATA["Validate Login"]]>
              </value>
            </param>
          </params>
          <reporter-output>
          </reporter-output>
        </test-method> <!-- runScenario -->
        <test-method signature="runScenario(io.cucumber.testng.PickleWrapper,io.cucumber.testng.FeatureWrapper)[pri:0, instance:testRunner.Run@a4add54]" started-at="2023-01-31T13:41:53 IST" name="runScenario" description="Runs Cucumber Scenarios" data-provider="scenarios" finished-at="2023-01-31T13:42:03 IST" duration-ms="9499" status="PASS">
          <params>
            <param index="0">
              <value>
                <![CDATA["Validate Login with valid credentials"]]>
              </value>
            </param>
            <param index="1">
              <value>
                <![CDATA["Validate Login"]]>
              </value>
            </param>
          </params>
          <reporter-output>
          </reporter-output>
        </test-method> <!-- runScenario -->
        <test-method is-config="true" signature="tearDownClass()[pri:0, instance:testRunner.Run@a4add54]" started-at="2023-01-31T13:42:03 IST" name="tearDownClass" finished-at="2023-01-31T13:42:08 IST" duration-ms="5465" status="PASS">
          <reporter-output>
          </reporter-output>
        </test-method> <!-- tearDownClass -->
      </class> <!-- testRunner.Run -->
    </test> <!-- Default test -->
  </suite> <!-- Default suite -->
</testng-results>
